<?xml version="1.0" encoding="utf-8"?><testsuites name="pytest tests"><testsuite name="pytest" errors="0" failures="0" skipped="0" tests="22" time="5.043" timestamp="2026-04-28T06:43:54.272179+00:00" hostname="agent-env-878460a8-5bd9-496e-9d4c-d6a1601c86f1"><testcase classname="backend.tests.test_goride" name="test_root" time="0.281" /><testcase classname="backend.tests.test_goride" name="test_catalog" time="0.104" /><testcase classname="backend.tests.test_goride" name="test_otp_invalid_rejected" time="0.159" /><testcase classname="backend.tests.test_goride" name="test_otp_short_phone" time="0.142" /><testcase classname="backend.tests.test_goride" name="test_no_token_returns_401" time="0.105" /><testcase classname="backend.tests.test_goride" name="test_invalid_token_returns_401" time="0.116" /><testcase classname="backend.tests.test_goride" name="test_auth_me" time="0.438" /><testcase classname="backend.tests.test_goride" name="test_customer_cannot_use_worker_endpoint" time="0.140" /><testcase classname="backend.tests.test_goride" name="test_worker_cannot_use_admin_endpoint" time="0.444" /><testcase classname="backend.tests.test_goride" name="test_estimate_fare" time="0.104" /><testcase classname="backend.tests.test_goride" name="test_estimate_unknown_vehicle" time="0.105" /><testcase classname="backend.tests.test_goride" name="test_worker_online_requires_vehicle" time="0.218" /><testcase classname="backend.tests.test_goride" name="test_worker_add_and_activate_vehicle" time="0.366" /><testcase classname="backend.tests.test_goride" name="test_worker_go_online" time="0.108" /><testcase classname="backend.tests.test_goride" name="test_customer_lists_own_rides" time="0.218" /><testcase classname="backend.tests.test_goride" name="test_worker_sees_available_ride" time="0.111" /><testcase classname="backend.tests.test_goride" name="test_worker_accept_and_advance" time="0.880" /><testcase classname="backend.tests.test_goride" name="test_accept_already_accepted_fails" time="0.104" /><testcase classname="backend.tests.test_goride" name="test_get_ride_by_id" time="0.101" /><testcase classname="backend.tests.test_goride" name="test_admin_stats" time="0.433" /><testcase classname="backend.tests.test_goride" name="test_admin_rides" time="0.106" /><testcase classname="backend.tests.test_goride" name="test_admin_users" time="0.117" /></testsuite></testsuites>